<?xml version="1.0" encoding="UTF-8"?>
<testsuite name="org.aplas.basicappx.TestA1BasicUIX092" tests="4" skipped="0" failures="0" errors="0" timestamp="2021-09-15T03:06:59" hostname="LAPTOP-1K26SB3J" time="8.425">
  <properties/>
  <testcase name="check_01_TableLayout_Properties" classname="org.aplas.basicappx.TestA1BasicUIX092" time="7.581"/>
  <testcase name="check_02_TableRow_Properties" classname="org.aplas.basicappx.TestA1BasicUIX092" time="0.322"/>
  <testcase name="check_03_TableRow_Properties" classname="org.aplas.basicappx.TestA1BasicUIX092" time="0.282"/>
  <testcase name="check_04_TableRow_Properties" classname="org.aplas.basicappx.TestA1BasicUIX092" time="0.24"/>
  <system-out><![CDATA[[Robolectric] org.aplas.basicappx.TestA1BasicUIX092.check_01_TableLayout_Properties: sdk=28; resources=BINARY
Called loadFromPath(/system/framework/framework-res.apk, true); mode=binary sdk=28
[Robolectric] org.aplas.basicappx.TestA1BasicUIX092.check_02_TableRow_Properties: sdk=28; resources=BINARY
[Robolectric] org.aplas.basicappx.TestA1BasicUIX092.check_03_TableRow_Properties: sdk=28; resources=BINARY
[Robolectric] org.aplas.basicappx.TestA1BasicUIX092.check_04_TableRow_Properties: sdk=28; resources=BINARY
]]></system-out>
  <system-err><![CDATA[]]></system-err>
</testsuite>
